[2018-11-15 15:15:41] START
[2018-11-15 15:15:41] EDIT KPax2/models/db_chats.py: -2
[2018-11-16 12:11:06] EDIT KPax2/models/db_groups.py: 0
[2018-11-16 12:17:58] EDIT KPax2/models/db_groups.py: 0
[2018-11-16 12:19:29] EDIT KPax2/models/db_groups.py: 0
[2018-11-16 12:20:27] EDIT KPax2/models/db_groups.py: 0
[2018-11-16 12:50:32] EDIT KPax2/models/db_groups.py: 0
[2018-11-16 12:54:34] EDIT KPax2/models/db_groups.py: 1
[2018-11-16 12:57:12] EDIT KPax2/models/db_groups.py: -3
[2018-11-16 13:01:41] EDIT KPax2/controllers/chats.py: 0
[2018-11-16 13:03:03] EDIT KPax2/models/db_groups.py: 0
[2018-11-16 15:26:54] EDIT KPax2/models/db_groups.py: 0
[2018-11-16 15:27:10] EDIT KPax2/models/db_groups.py: 0
[2018-11-16 15:28:44] EDIT KPax2/models/db_groups.py: 0
[2018-11-16 15:29:06] EDIT KPax2/models/db_groups.py: 0
[2018-11-16 15:30:04] EDIT KPax2/models/db_groups.py: 0
[2018-11-16 15:30:31] EDIT KPax2/models/db_groups.py: 0
[2018-11-16 15:31:53] EDIT KPax2/models/db_groups.py: 0
[2018-11-16 17:19:08] EDIT KPax2/controllers/groups.py: 0
[2018-11-16 18:19:05] EDIT KPax2/models/db_groups.py: 0
[2018-11-16 18:27:40] EDIT KPax2/models/db_groups.py: 0
[2018-11-16 18:29:26] EDIT KPax2/controllers/chats.py: 0
[2018-11-16 18:31:22] EDIT KPax2/controllers/chats.py: 0
[2018-11-16 18:31:57] EDIT KPax2/models/db_chats.py: 0
[2018-11-19 17:50:09] DELETE KPax2/controllers/news.py: -64
[2018-11-19 17:54:36] CREATE news.py: 0
[2018-11-19 17:54:53] EDIT KPax2/controllers/news.py: 63
[2018-11-19 17:57:45] EDIT KPax2/controllers/news.py: 0
[2018-11-19 20:00:53] EDIT KPax2/controllers/chats.py: 0
[2018-11-19 20:22:46] EDIT KPax2/views/default/index.html: 0
[2018-11-19 20:47:35] EDIT KPax2/views/default/index.html: 0
[2018-11-23 16:25:53] EDIT KPax2/controllers/groups.py: 0
[2018-11-23 16:27:07] EDIT KPax2/views/groups/index.html: 0
[2018-11-27 23:39:34] EDIT KPax2/controllers/folders.py: 0
